<?xml version="1.0" encoding="UTF-8"?>
<!-- Generated by org.testng.reporters.JUnitXMLReporter -->
<testsuite hostname="197nodnb23095" ignored="3" name="Group Sanity Implementation" tests="4" failures="0" timestamp="14 May 2019 11:39:43 GMT" time="0.084" errors="0">
  <testcase name="method1" time="0.017" classname="scripts.ClassDemoTest"/>
  <testcase name="method4" time="0.0" classname="scripts.ClassDemoTest"/>
  <testcase name="method5" time="0.0" classname="scripts.ClassDemoTest"/>
  <testcase name="method6" time="0.0" classname="scripts.ClassDemoTest"/>
  <testcase name="method7" time="0.0" classname="scripts.ClassDemoTest">
    <ignored/>
  </testcase> <!-- method7 -->
  <testcase name="method2" time="0.0" classname="scripts.ClassDemoTest">
    <ignored/>
  </testcase> <!-- method2 -->
  <testcase name="method3" time="0.0" classname="scripts.ClassDemoTest">
    <ignored/>
  </testcase> <!-- method3 -->
</testsuite> <!-- Group Sanity Implementation -->
