<?xml version="1.0" encoding="UTF-8"?>
<!-- Generated by org.testng.reporters.JUnitXMLReporter -->
<testsuite hostname="197nodnb23095" ignored="3" name="Group smoke,sanity Implementation-1403230429" tests="4" failures="0" timestamp="16 May 2019 06:07:11 GMT" time="0.003" errors="0">
  <testcase name="method1" time="0.0" classname="scripts.Native.ClassDemoTest"/>
  <testcase name="method4" time="0.0" classname="scripts.Native.ClassDemoTest"/>
  <testcase name="method5" time="0.0" classname="scripts.Native.ClassDemoTest"/>
  <testcase name="method6" time="0.0" classname="scripts.Native.ClassDemoTest"/>
  <testcase name="method7" time="0.0" classname="scripts.Native.ClassDemoTest">
    <ignored/>
  </testcase> <!-- method7 -->
  <testcase name="method2" time="0.0" classname="scripts.Native.ClassDemoTest">
    <ignored/>
  </testcase> <!-- method2 -->
  <testcase name="method3" time="0.0" classname="scripts.Native.ClassDemoTest">
    <ignored/>
  </testcase> <!-- method3 -->
</testsuite> <!-- Group smoke,sanity Implementation-1403230429 -->
