<?xml version="1.0" encoding="UTF-8"?>
<!-- Generated by org.testng.reporters.JUnitXMLReporter -->
<testsuite hostname="197nodnb23095" ignored="4" name="Group sanity,regression Implementation" tests="3" failures="0" timestamp="14 May 2019 12:42:43 GMT" time="0.017" errors="0">
  <testcase name="method5" time="0.003" classname="scripts.ClassDemoTest"/>
  <testcase name="method6" time="0.0" classname="scripts.ClassDemoTest"/>
  <testcase name="method7" time="0.0" classname="scripts.ClassDemoTest"/>
  <testcase name="method1" time="0.0" classname="scripts.ClassDemoTest">
    <ignored/>
  </testcase> <!-- method1 -->
  <testcase name="method2" time="0.0" classname="scripts.ClassDemoTest">
    <ignored/>
  </testcase> <!-- method2 -->
  <testcase name="method3" time="0.0" classname="scripts.ClassDemoTest">
    <ignored/>
  </testcase> <!-- method3 -->
  <testcase name="method4" time="0.0" classname="scripts.ClassDemoTest">
    <ignored/>
  </testcase> <!-- method4 -->
</testsuite> <!-- Group sanity,regression Implementation -->
