<?xml version="1.0" encoding="UTF-8"?>
<!-- Generated by org.testng.reporters.JUnitXMLReporter -->
<testsuite hostname="197nodnb23095" ignored="3" name="Group smoke&amp;sanity Implementation41079941" tests="4" failures="0" timestamp="16 May 2019 09:32:53 GMT" time="0.089" errors="0">
  <testcase name="method1" time="0.019" classname="scripts.Native.ClassDemoTest"/>
  <testcase name="method4" time="0.0" classname="scripts.Native.ClassDemoTest"/>
  <testcase name="method5" time="0.0" classname="scripts.Native.ClassDemoTest"/>
  <testcase name="method6" time="0.0" classname="scripts.Native.ClassDemoTest"/>
  <testcase name="method2" time="0.0" classname="scripts.Native.ClassDemoTest">
    <ignored/>
  </testcase> <!-- method2 -->
  <testcase name="method3" time="0.0" classname="scripts.Native.ClassDemoTest">
    <ignored/>
  </testcase> <!-- method3 -->
  <testcase name="method7" time="0.0" classname="scripts.Native.ClassDemoTest">
    <ignored/>
  </testcase> <!-- method7 -->
</testsuite> <!-- Group smoke&sanity Implementation41079941 -->
