<?xml version="1.0" encoding="UTF-8"?>
<!-- Generated by org.testng.reporters.JUnitXMLReporter -->
<testsuite hostname="197nodnb23095" ignored="3" name="Group Implementation" tests="4" failures="0" timestamp="24 Apr 2019 05:28:23 GMT" time="0.028" errors="0">
  <testcase name="method1" time="0.006" classname="scripts.Native.ClassDemoTest"/>
  <testcase name="method5" time="0.005" classname="scripts.Native.ClassDemoTest"/>
  <testcase name="method4" time="0.006" classname="scripts.Native.ClassDemoTest"/>
  <testcase name="method6" time="0.0" classname="scripts.Native.ClassDemoTest"/>
  <testcase name="method7" time="0.0" classname="scripts.Native.ClassDemoTest">
    <ignored/>
  </testcase> <!-- method7 -->
  <testcase name="method2" time="0.0" classname="scripts.Native.ClassDemoTest">
    <ignored/>
  </testcase> <!-- method2 -->
  <testcase name="method3" time="0.0" classname="scripts.Native.ClassDemoTest">
    <ignored/>
  </testcase> <!-- method3 -->
</testsuite> <!-- Group Implementation -->
