<?xml version="1.0" encoding="UTF-8"?>
<testng-results skipped="0" failed="0" ignored="6" total="14" passed="8">
  <reporter-output>
  </reporter-output>
  <suite name="TestNG API Implementation" duration-ms="34" started-at="2019-05-16T10:02:30Z" finished-at="2019-05-16T10:02:30Z">
    <groups>
      <group name="regression">
        <method signature="ClassDemoTest.method5(java.lang.String)[pri:0, instance:scripts.Native.ClassDemoTest@2c13da15]" name="method5" class="scripts.Native.ClassDemoTest"/>
        <method signature="ClassDemoTest.method6(java.lang.String)[pri:0, instance:scripts.Native.ClassDemoTest@2c13da15]" name="method6" class="scripts.Native.ClassDemoTest"/>
        <method signature="ClassDemoTest.method5(java.lang.String)[pri:0, instance:scripts.Native.ClassDemoTest@5577140b]" name="method5" class="scripts.Native.ClassDemoTest"/>
        <method signature="ClassDemoTest.method6(java.lang.String)[pri:0, instance:scripts.Native.ClassDemoTest@5577140b]" name="method6" class="scripts.Native.ClassDemoTest"/>
      </group> <!-- regression -->
      <group name="smoke">
        <method signature="ClassDemoTest.method4(java.lang.String)[pri:0, instance:scripts.Native.ClassDemoTest@2c13da15]" name="method4" class="scripts.Native.ClassDemoTest"/>
        <method signature="ClassDemoTest.method5(java.lang.String)[pri:0, instance:scripts.Native.ClassDemoTest@2c13da15]" name="method5" class="scripts.Native.ClassDemoTest"/>
        <method signature="ClassDemoTest.method4(java.lang.String)[pri:0, instance:scripts.Native.ClassDemoTest@5577140b]" name="method4" class="scripts.Native.ClassDemoTest"/>
        <method signature="ClassDemoTest.method5(java.lang.String)[pri:0, instance:scripts.Native.ClassDemoTest@5577140b]" name="method5" class="scripts.Native.ClassDemoTest"/>
      </group> <!-- smoke -->
      <group name="sanity">
        <method signature="ClassDemoTest.method1(java.lang.String)[pri:0, instance:scripts.Native.ClassDemoTest@2c13da15]" name="method1" class="scripts.Native.ClassDemoTest"/>
        <method signature="ClassDemoTest.method4(java.lang.String)[pri:0, instance:scripts.Native.ClassDemoTest@2c13da15]" name="method4" class="scripts.Native.ClassDemoTest"/>
        <method signature="ClassDemoTest.method5(java.lang.String)[pri:0, instance:scripts.Native.ClassDemoTest@2c13da15]" name="method5" class="scripts.Native.ClassDemoTest"/>
        <method signature="ClassDemoTest.method6(java.lang.String)[pri:0, instance:scripts.Native.ClassDemoTest@2c13da15]" name="method6" class="scripts.Native.ClassDemoTest"/>
        <method signature="ClassDemoTest.method1(java.lang.String)[pri:0, instance:scripts.Native.ClassDemoTest@5577140b]" name="method1" class="scripts.Native.ClassDemoTest"/>
        <method signature="ClassDemoTest.method4(java.lang.String)[pri:0, instance:scripts.Native.ClassDemoTest@5577140b]" name="method4" class="scripts.Native.ClassDemoTest"/>
        <method signature="ClassDemoTest.method5(java.lang.String)[pri:0, instance:scripts.Native.ClassDemoTest@5577140b]" name="method5" class="scripts.Native.ClassDemoTest"/>
        <method signature="ClassDemoTest.method6(java.lang.String)[pri:0, instance:scripts.Native.ClassDemoTest@5577140b]" name="method6" class="scripts.Native.ClassDemoTest"/>
      </group> <!-- sanity -->
    </groups>
    <test name="Group smoke&amp;sanity Implementation867107079" duration-ms="18" started-at="2019-05-16T10:02:30Z" finished-at="2019-05-16T10:02:30Z">
      <class name="scripts.Native.ClassDemoTest">
        <test-method status="PASS" signature="method1(java.lang.String)[pri:0, instance:scripts.Native.ClassDemoTest@2c13da15]" name="method1" duration-ms="3" started-at="2019-05-16T15:32:30Z" finished-at="2019-05-16T15:32:30Z">
          <params>
            <param index="0">
              <value>
                <![CDATA[merchant4]]>
              </value>
            </param>
          </params>
          <reporter-output>
          </reporter-output>
        </test-method> <!-- method1 -->
        <test-method status="PASS" signature="method5(java.lang.String)[pri:0, instance:scripts.Native.ClassDemoTest@2c13da15]" name="method5" duration-ms="0" started-at="2019-05-16T15:32:30Z" finished-at="2019-05-16T15:32:30Z">
          <params>
            <param index="0">
              <value>
                <![CDATA[merchant4]]>
              </value>
            </param>
          </params>
          <reporter-output>
          </reporter-output>
        </test-method> <!-- method5 -->
        <test-method status="PASS" signature="method6(java.lang.String)[pri:0, instance:scripts.Native.ClassDemoTest@2c13da15]" name="method6" duration-ms="0" started-at="2019-05-16T15:32:30Z" finished-at="2019-05-16T15:32:30Z">
          <params>
            <param index="0">
              <value>
                <![CDATA[merchant4]]>
              </value>
            </param>
          </params>
          <reporter-output>
          </reporter-output>
        </test-method> <!-- method6 -->
        <test-method status="PASS" signature="method4(java.lang.String)[pri:0, instance:scripts.Native.ClassDemoTest@2c13da15]" name="method4" duration-ms="0" started-at="2019-05-16T15:32:30Z" finished-at="2019-05-16T15:32:30Z">
          <params>
            <param index="0">
              <value>
                <![CDATA[merchant4]]>
              </value>
            </param>
          </params>
          <reporter-output>
          </reporter-output>
        </test-method> <!-- method4 -->
      </class> <!-- scripts.Native.ClassDemoTest -->
    </test> <!-- Group smoke&sanity Implementation867107079 -->
    <test name="Group regression&amp;sanity Implementation-672640955" duration-ms="5" started-at="2019-05-16T10:02:30Z" finished-at="2019-05-16T10:02:30Z">
      <class name="scripts.Native.ClassDemoTest">
        <test-method status="PASS" signature="method1(java.lang.String)[pri:0, instance:scripts.Native.ClassDemoTest@5577140b]" name="method1" duration-ms="0" started-at="2019-05-16T15:32:30Z" finished-at="2019-05-16T15:32:30Z">
          <params>
            <param index="0">
              <value>
                <![CDATA[enhancedweb]]>
              </value>
            </param>
          </params>
          <reporter-output>
          </reporter-output>
        </test-method> <!-- method1 -->
        <test-method status="PASS" signature="method4(java.lang.String)[pri:0, instance:scripts.Native.ClassDemoTest@5577140b]" name="method4" duration-ms="0" started-at="2019-05-16T15:32:30Z" finished-at="2019-05-16T15:32:30Z">
          <params>
            <param index="0">
              <value>
                <![CDATA[enhancedweb]]>
              </value>
            </param>
          </params>
          <reporter-output>
          </reporter-output>
        </test-method> <!-- method4 -->
        <test-method status="PASS" signature="method5(java.lang.String)[pri:0, instance:scripts.Native.ClassDemoTest@5577140b]" name="method5" duration-ms="0" started-at="2019-05-16T15:32:30Z" finished-at="2019-05-16T15:32:30Z">
          <params>
            <param index="0">
              <value>
                <![CDATA[enhancedweb]]>
              </value>
            </param>
          </params>
          <reporter-output>
          </reporter-output>
        </test-method> <!-- method5 -->
        <test-method status="PASS" signature="method6(java.lang.String)[pri:0, instance:scripts.Native.ClassDemoTest@5577140b]" name="method6" duration-ms="0" started-at="2019-05-16T15:32:30Z" finished-at="2019-05-16T15:32:30Z">
          <params>
            <param index="0">
              <value>
                <![CDATA[enhancedweb]]>
              </value>
            </param>
          </params>
          <reporter-output>
          </reporter-output>
        </test-method> <!-- method6 -->
      </class> <!-- scripts.Native.ClassDemoTest -->
    </test> <!-- Group regression&sanity Implementation-672640955 -->
  </suite> <!-- TestNG API Implementation -->
</testng-results>
