<?xml version="1.0" encoding="UTF-8"?>
<!-- Generated by org.testng.reporters.JUnitXMLReporter -->
<testsuite hostname="197nodnb23095" ignored="3" name="Group Smoke Implementation" tests="4" failures="0" timestamp="26 Apr 2019 12:12:48 GMT" time="0.025" errors="0">
  <testcase name="method4" time="0.005" classname="scripts.ClassDemoTest"/>
  <testcase name="method5" time="0.005" classname="scripts.ClassDemoTest"/>
  <testcase name="method2" time="0.005" classname="scripts.ClassDemoTest"/>
  <testcase name="method7" time="0.0" classname="scripts.ClassDemoTest"/>
  <testcase name="method1" time="0.0" classname="scripts.ClassDemoTest">
    <ignored/>
  </testcase> <!-- method1 -->
  <testcase name="method6" time="0.0" classname="scripts.ClassDemoTest">
    <ignored/>
  </testcase> <!-- method6 -->
  <testcase name="method3" time="0.0" classname="scripts.ClassDemoTest">
    <ignored/>
  </testcase> <!-- method3 -->
</testsuite> <!-- Group Smoke Implementation -->
